TN:
SF:src\Profile\index.tsx
FN:4,Profile
FN:22,(anonymous_1)
FNF:2
FNH:1
FNDA:3,Profile
FNDA:0,(anonymous_1)
DA:5,3
LF:1
LH:1
BRF:0
BRH:0
end_of_record
TN:
SF:src\components\Form\Button\index.tsx
FN:14,Button
FNF:1
FNH:1
FNDA:3,Button
DA:15,3
LF:1
LH:1
BRF:0
BRH:0
end_of_record
TN:
SF:src\components\Form\CategorySelectButton\index.tsx
FN:13,CategorySelectButton
FNF:1
FNH:1
FNDA:2,CategorySelectButton
DA:14,2
LF:1
LH:1
BRF:0
BRH:0
end_of_record
TN:
SF:src\components\Form\Input\index.tsx
FN:11,Input
FNF:1
FNH:1
FNDA:5,Input
DA:12,5
LF:1
LH:1
BRDA:11,0,0,4
BRF:1
BRH:1
end_of_record
TN:
SF:src\components\Form\TransactionTypeButton\index.tsx
FN:19,TransactionTypeButton
FNF:1
FNH:1
FNDA:4,TransactionTypeButton
DA:8,1
DA:25,4
LF:2
LH:2
BRF:0
BRH:0
end_of_record
TN:
SF:src\components\Form\inputForm\index.tsx
FN:14,InputForm
FN:19,(anonymous_1)
FNF:2
FNH:2
FNDA:4,InputForm
FNDA:4,(anonymous_1)
DA:15,4
DA:20,4
LF:2
LH:2
BRDA:24,0,0,4
BRDA:24,0,1,0
BRF:2
BRH:1
end_of_record
TN:
SF:src\components\HighlightCard\index.tsx
FN:25,HighlightCard
FNF:1
FNH:0
FNDA:0,HighlightCard
DA:19,0
DA:26,0
LF:2
LH:0
BRF:0
BRH:0
end_of_record
TN:
SF:src\components\HistoryCard\index.tsx
FN:10,HistoryCard
FNF:1
FNH:0
FNDA:0,HistoryCard
DA:11,0
LF:1
LH:0
BRF:0
BRH:0
end_of_record
TN:
SF:src\components\SignInSocialButton\index.tsx
FN:15,SignInSocialButton
FNF:1
FNH:0
FNDA:0,SignInSocialButton
DA:16,0
LF:1
LH:0
BRF:0
BRH:0
end_of_record
TN:
SF:src\components\TransactionCard\index.tsx
FN:26,TransactionCard
FN:27,(anonymous_1)
FNF:2
FNH:0
FNDA:0,TransactionCard
FNDA:0,(anonymous_1)
DA:27,0
DA:29,0
LF:2
LH:0
BRDA:33,0,0,0
BRDA:33,0,1,0
BRF:2
BRH:0
end_of_record
TN:
SF:src\hooks\auth.tsx
FN:43,AuthProvider
FN:49,signInWithGoogle
FN:83,signInWithApple
FN:108,signOut
FN:113,(anonymous_4)
FN:114,loadUserStorageDate
FN:143,useAuth
FNF:7
FNH:5
FNDA:3,AuthProvider
FNDA:1,signInWithGoogle
FNDA:0,signInWithApple
FNDA:0,signOut
FNDA:1,(anonymous_4)
FNDA:1,loadUserStorageDate
FNDA:5,useAuth
DA:9,2
DA:10,2
DA:41,2
DA:44,3
DA:45,3
DA:47,3
DA:50,1
DA:51,1
DA:52,1
DA:54,1
DA:56,1
DA:60,1
DA:61,1
DA:65,1
DA:67,1
DA:74,1
DA:76,1
DA:79,0
DA:84,0
DA:104,0
DA:109,0
DA:110,0
DA:113,3
DA:115,1
DA:117,1
DA:118,0
DA:119,0
DA:122,1
DA:125,1
DA:128,3
DA:144,5
DA:146,5
LF:32
LH:25
BRDA:60,0,0,1
BRDA:60,0,1,0
BRDA:117,1,0,0
BRDA:117,1,1,1
BRF:4
BRH:2
end_of_record
TN:
SF:src\routes\app.routes.tsx
FN:13,AppRoutes
FN:33,(anonymous_1)
FN:46,(anonymous_2)
FN:55,(anonymous_3)
FNF:4
FNH:0
FNDA:0,AppRoutes
FNDA:0,(anonymous_1)
FNDA:0,(anonymous_2)
FNDA:0,(anonymous_3)
DA:11,0
DA:14,0
DA:16,0
DA:34,0
DA:47,0
DA:56,0
LF:6
LH:0
BRDA:25,0,0,0
BRDA:25,0,1,0
BRF:2
BRH:0
end_of_record
TN:
SF:src\routes\auth.routes.tsx
FN:9,AuthRoutes
FNF:1
FNH:0
FNDA:0,AuthRoutes
DA:7,0
DA:10,0
LF:2
LH:0
BRF:0
BRH:0
end_of_record
TN:
SF:src\routes\index.tsx
FN:9,Routes
FNF:1
FNH:0
FNDA:0,Routes
DA:10,0
DA:12,0
LF:2
LH:0
BRDA:14,0,0,0
BRDA:14,0,1,0
BRF:2
BRH:0
end_of_record
TN:
SF:src\screens\CategorySelect\index.tsx
FN:27,CategorySelect
FN:32,handleCategorySelect
FN:45,(anonymous_2)
FN:46,(anonymous_3)
FN:48,(anonymous_4)
FN:56,(anonymous_5)
FNF:6
FNH:4
FNDA:1,CategorySelect
FNDA:0,handleCategorySelect
FNDA:6,(anonymous_2)
FNDA:6,(anonymous_3)
FNDA:0,(anonymous_4)
FNDA:5,(anonymous_5)
DA:33,0
DA:36,1
DA:45,6
DA:47,6
DA:48,0
DA:56,5
LF:6
LH:4
BRF:0
BRH:0
end_of_record
TN:
SF:src\screens\Dashboard\index.tsx
FN:50,Dashboard
FN:60,getLastTransactionDate
FN:65,(anonymous_2)
FN:73,(anonymous_3)
FN:87,loadTransactions
FN:96,(anonymous_5)
FN:173,(anonymous_6)
FN:180,(anonymous_7)
FN:243,(anonymous_8)
FN:244,(anonymous_9)
FNF:10
FNH:0
FNDA:0,Dashboard
FNDA:0,getLastTransactionDate
FNDA:0,(anonymous_2)
FNDA:0,(anonymous_3)
FNDA:0,loadTransactions
FNDA:0,(anonymous_5)
FNDA:0,(anonymous_6)
FNDA:0,(anonymous_7)
FNDA:0,(anonymous_8)
FNDA:0,(anonymous_9)
DA:51,0
DA:52,0
DA:53,0
DA:57,0
DA:58,0
DA:64,0
DA:65,0
DA:68,0
DA:70,0
DA:74,0
DA:79,0
DA:88,0
DA:89,0
DA:90,0
DA:92,0
DA:93,0
DA:95,0
DA:97,0
DA:98,0
DA:100,0
DA:103,0
DA:108,0
DA:110,0
DA:121,0
DA:123,0
DA:127,0
DA:133,0
DA:137,0
DA:139,0
DA:170,0
DA:173,0
DA:174,0
DA:179,0
DA:181,0
DA:185,0
DA:243,0
DA:244,0
LF:37
LH:0
BRDA:68,0,0,0
BRDA:68,0,1,0
BRDA:90,1,0,0
BRDA:90,1,1,0
BRDA:97,2,0,0
BRDA:97,2,1,0
BRDA:133,3,0,0
BRDA:133,3,1,0
BRDA:147,4,0,0
BRDA:147,4,1,0
BRDA:157,5,0,0
BRDA:157,5,1,0
BRDA:187,6,0,0
BRDA:187,6,1,0
BRF:14
BRH:0
end_of_record
TN:
SF:src\screens\Register\index.tsx
FN:41,Register
FN:65,handleTransactionsTypeSelect
FN:69,handleOpenSelectCategoryModal
FN:73,handleCloseSelectCategoryModal
FN:77,handleRegister
FN:137,(anonymous_5)
FN:143,(anonymous_6)
FN:175,oo_cm
FN:175,oo_oo
FN:175,oo_tr
FN:175,oo_ts
FN:175,oo_te
FNF:12
FNH:2
FNDA:2,Register
FNDA:0,handleTransactionsTypeSelect
FNDA:1,handleOpenSelectCategoryModal
FNDA:0,handleCloseSelectCategoryModal
FNDA:0,handleRegister
FNDA:0,(anonymous_5)
FNDA:0,(anonymous_6)
FNDA:0,oo_cm
FNDA:0,oo_oo
FNDA:0,oo_tr
FNDA:0,oo_ts
FNDA:0,oo_te
DA:33,1
DA:42,2
DA:43,2
DA:45,2
DA:55,2
DA:59,2
DA:61,2
DA:63,2
DA:66,0
DA:70,1
DA:74,0
DA:78,0
DA:80,0
DA:81,0
DA:83,0
DA:92,0
DA:93,0
DA:94,0
DA:95,0
DA:97,0
DA:99,0
DA:101,0
DA:102,0
DA:103,0
DA:105,0
DA:107,0
DA:108,0
DA:112,2
DA:137,0
DA:143,0
DA:175,1
LF:31
LH:11
BRDA:78,0,0,0
BRDA:78,0,1,0
BRDA:80,1,0,0
BRDA:80,1,1,0
BRDA:95,2,0,0
BRDA:95,2,1,0
BRDA:126,3,0,2
BRDA:126,3,1,0
BRDA:133,4,0,2
BRDA:133,4,1,0
BRDA:175,5,0,0
BRDA:175,5,1,0
BRF:12
BRH:2
end_of_record
TN:
SF:src\screens\Resume\index.tsx
FN:49,Resume
FN:60,handleDateChange
FN:70,loadData
FN:79,(anonymous_3)
FN:86,(anonymous_4)
FN:94,(anonymous_5)
FN:97,(anonymous_6)
FN:128,(anonymous_7)
FN:152,(anonymous_8)
FN:162,(anonymous_9)
FN:171,(anonymous_10)
FN:185,(anonymous_11)
FNF:12
FNH:0
FNDA:0,Resume
FNDA:0,handleDateChange
FNDA:0,loadData
FNDA:0,(anonymous_3)
FNDA:0,(anonymous_4)
FNDA:0,(anonymous_5)
FNDA:0,(anonymous_6)
FNDA:0,(anonymous_7)
FNDA:0,(anonymous_8)
FNDA:0,(anonymous_9)
FNDA:0,(anonymous_10)
FNDA:0,(anonymous_11)
DA:50,0
DA:52,0
DA:53,0
DA:57,0
DA:58,0
DA:61,0
DA:62,0
DA:63,0
DA:65,0
DA:66,0
DA:71,0
DA:73,0
DA:75,0
DA:76,0
DA:78,0
DA:80,0
DA:85,0
DA:87,0
DA:92,0
DA:94,0
DA:95,0
DA:97,0
DA:98,0
DA:99,0
DA:103,0
DA:104,0
DA:109,0
DA:113,0
DA:123,0
DA:124,0
DA:127,0
DA:129,0
DA:133,0
DA:152,0
DA:162,0
DA:171,0
DA:186,0
LF:37
LH:0
BRDA:61,0,0,0
BRDA:61,0,1,0
BRDA:76,1,0,0
BRDA:76,1,1,0
BRDA:80,2,0,0
BRDA:80,2,1,0
BRDA:80,2,2,0
BRDA:98,3,0,0
BRDA:98,3,1,0
BRDA:103,4,0,0
BRDA:103,4,1,0
BRDA:138,5,0,0
BRDA:138,5,1,0
BRF:13
BRH:0
end_of_record
TN:
SF:src\screens\SignIn\index.tsx
FN:25,SignIn
FN:30,handleSignInWithGoogle
FN:41,handleSignInWithApple
FNF:3
FNH:0
FNDA:0,SignIn
FNDA:0,handleSignInWithGoogle
FNDA:0,handleSignInWithApple
DA:26,0
DA:27,0
DA:28,0
DA:31,0
DA:32,0
DA:33,0
DA:35,0
DA:36,0
DA:37,0
DA:42,0
DA:43,0
DA:44,0
DA:46,0
DA:47,0
DA:48,0
DA:52,0
LF:16
LH:0
BRDA:75,0,0,0
BRDA:75,0,1,0
BRDA:84,1,0,0
BRDA:84,1,1,0
BRF:4
BRH:0
end_of_record
